
==============================================

!Fri Jul 11 21:38:55 WAT 2025

Successfully added file studyingDifferentNodes/ao/studying/nodes/group/routing/routeNodeXmlInput.msgflow to BAR file.

Successfully added file studyingDifferentNodes/ao/studying/nodes/group/routing/labelNodeJsonInput.msgflow to BAR file.

Successfully added file studyingDifferentNodes/ao/studying/nodes/group/routing/filterNodeJsonInput.msgflow to BAR file.

Successfully added file studyingDifferentNodes/ao/studying/nodes/group/routing/Routing_Compute.esql to BAR file.

Successfully added file studyingDifferentNodes/ao/studying/nodes/group/routing/Routing_Compute1.esql to BAR file.

Successfully added file studyingDifferentNodes/ao/studying/nodes/group/routing/Routing_Filter.esql to BAR file.

Successfully added file studyingDifferentNodes/ao/studying/nodes/group/routing/Routing_choose.esql to BAR file.

Successfully added file studyingDifferentNodes/ao/studying/nodes/group/routing/Routing_makeDiv.esql to BAR file.

Successfully added file studyingDifferentNodes/ao/studying/nodes/group/routing/Routing_makeMult.esql to BAR file.

Successfully added file studyingDifferentNodes/ao/studying/nodes/group/routing/Routing_makeSub1.esql to BAR file.

Successfully added file studyingDifferentNodes/ao/studying/nodes/group/routing/Routing_makeSum.esql to BAR file.

Successfully added file studyingDifferentNodes/ao/studying/nodes/group/routing/Routing_unknown.esql to BAR file.

Successfully added file studyingDifferentNodes/ao/studying/nodes/group/routing/routeNodeXmlInput_default.esql to BAR file.

Successfully added file studyingDifferentNodes/ao/studying/nodes/group/routing/routeNodeXmlInput_div.esql to BAR file.

Successfully added file studyingDifferentNodes/ao/studying/nodes/group/routing/routeNodeXmlInput_mult.esql to BAR file.

Successfully added file studyingDifferentNodes/ao/studying/nodes/group/routing/routeNodeXmlInput_sub.esql to BAR file.

Successfully added file studyingDifferentNodes/ao/studying/nodes/group/routing/routeNodeXmlInput_sum.esql to BAR file.

Successfully added file studyingDifferentNodes/application.descriptor to BAR file.

Successfully added file studyingDifferentNodes/application.descriptor to BAR file.

Successfully added file studyingDifferentNodes/application.descriptor to BAR file.

Successfully added file studyingDifferentNodes/application.descriptor to BAR file.
