
==============================================

!Tue Jul 08 20:31:15 WAT 2025

Processing file studyingDifferentNodes/ao/studying/nodes/group/routing/Routing.msgflow.
Successfully added file studyingDifferentNodes/ao/studying/nodes/group/routing/Routing.msgflow to BAR file.

==============================================

!Tue Jul 08 20:31:15 WAT 2025

Processing file studyingDifferentNodes/ao/studying/nodes/group/routing/Routing_Compute.esql.
Successfully added file studyingDifferentNodes/ao/studying/nodes/group/routing/Routing_Compute.esql to BAR file.

==============================================

!Tue Jul 08 20:31:15 WAT 2025

Processing file studyingDifferentNodes/ao/studying/nodes/group/routing/Routing_Compute1.esql.
Successfully added file studyingDifferentNodes/ao/studying/nodes/group/routing/Routing_Compute1.esql to BAR file.

==============================================

!Tue Jul 08 20:31:15 WAT 2025

Processing file studyingDifferentNodes/ao/studying/nodes/group/routing/Routing_Filter.esql.
Successfully added file studyingDifferentNodes/ao/studying/nodes/group/routing/Routing_Filter.esql to BAR file.

==============================================

!Tue Jul 08 20:31:15 WAT 2025

Processing file studyingDifferentNodes/application.descriptor.
Successfully added file studyingDifferentNodes/application.descriptor to BAR file.
Elapsed time: 0 second(s).

Successfully added file studyingDifferentNodes/application.descriptor to BAR file.

==============================================

!Tue Jul 08 20:31:15 WAT 2025

Processing file studyingDifferentNodes/application.descriptor.
Successfully added file studyingDifferentNodes/application.descriptor to BAR file.
Elapsed time: 0 second(s).

Successfully added file studyingDifferentNodes/application.descriptor to BAR file.
