
==============================================

!Mon Jun 30 22:39:06 WAT 2025

Processing file fistProject/gen/fistProject.msgflow.
Successfully added file fistProject/gen/fistProject.msgflow to BAR file.

==============================================

!Mon Jun 30 22:39:06 WAT 2025

Processing file fistProject/getOlaMundo.subflow.
Successfully added file fistProject/getOlaMundo.subflow to BAR file.

==============================================

!Mon Jun 30 22:39:06 WAT 2025

Processing file fistProject/getOlaMundo_Compute.esql.
Successfully added file fistProject/getOlaMundo_Compute.esql to BAR file.

==============================================

!Mon Jun 30 22:39:06 WAT 2025

Processing file fistProject/restapi.descriptor.
Successfully added file fistProject/restapi.descriptor to BAR file.
Elapsed time: 0 second(s).

Successfully added file fistProject/restapi.descriptor to BAR file.

==============================================

!Mon Jun 30 22:39:06 WAT 2025

Processing file fistProject/restapi.descriptor.
Successfully added file fistProject/restapi.descriptor to BAR file.
Elapsed time: 0 second(s).

Successfully added file fistProject/restapi.descriptor to BAR file.

==============================================

!Mon Jun 30 22:39:06 WAT 2025

Processing file fistProject/swagger.json.
Successfully added file fistProject/swagger.json to BAR file.
Elapsed time: 0 second(s).

Successfully added file fistProject/swagger.json to BAR file.
